[ 2016-04-26T20:56:51+08:00 ] ::1 /immigration/index.php/Admin/nav/edit_post.html
INFO: [ app_begin ] --START--
INFO: Run Behavior\ReadHtmlCacheBehavior [ RunTime:0.003000s ]
INFO: Run Behavior\CheckLangBehavior [ RunTime:0.009001s ]
INFO: [ app_begin ] --END-- [ RunTime:0.015001s ]
SQL: SHOW COLUMNS FROM `sp_users` [ RunTime:0.0150s ]
SQL: SELECT * FROM `sp_users` WHERE ( id=1 ) LIMIT 1   [ RunTime:0.0020s ]
SQL: SHOW COLUMNS FROM `sp_nav` [ RunTime:0.0140s ]
SQL: SHOW COLUMNS FROM `sp_nav_cat` [ RunTime:0.0130s ]
SQL: SELECT * FROM `sp_nav` WHERE ( id=9 ) LIMIT 1   [ RunTime:0.0010s ]
SQL: UPDATE `sp_nav` SET `cid`='1',`parentid`='9',`label`='林氏集团',`href`='a:2:{s:6:\"action\";s:17:\"Portal/List/index\";s:5:\"param\";a:1:{s:2:\"id\";s:2:\"12\";}}',`target`='',`icon`='',`status`='1',`path`='0-9-31' WHERE `id` = 31 [ RunTime:0.0010s ]

[ 2016-04-26T20:58:12+08:00 ] ::1 /immigration/index.php/Admin/nav/edit_post.html
INFO: [ app_begin ] --START--
INFO: Run Behavior\ReadHtmlCacheBehavior [ RunTime:0.004000s ]
INFO: Run Behavior\CheckLangBehavior [ RunTime:0.009000s ]
INFO: [ app_begin ] --END-- [ RunTime:0.014000s ]
SQL: SHOW COLUMNS FROM `sp_users` [ RunTime:0.0120s ]
SQL: SELECT * FROM `sp_users` WHERE ( id=1 ) LIMIT 1   [ RunTime:0.0010s ]
SQL: SHOW COLUMNS FROM `sp_nav` [ RunTime:0.0170s ]
SQL: SHOW COLUMNS FROM `sp_nav_cat` [ RunTime:0.0130s ]
SQL: SELECT * FROM `sp_nav` WHERE ( id=9 ) LIMIT 1   [ RunTime:0.0010s ]
SQL: UPDATE `sp_nav` SET `cid`='1',`parentid`='9',`label`='汤姆森',`href`='a:2:{s:6:\"action\";s:17:\"Portal/List/index\";s:5:\"param\";a:1:{s:2:\"id\";s:2:\"13\";}}',`target`='',`icon`='',`status`='1',`path`='0-9-32' WHERE `id` = 32 [ RunTime:0.0010s ]

[ 2016-04-26T20:59:22+08:00 ] ::1 /immigration/index.php/Admin/nav/edit_post.html
INFO: [ app_begin ] --START--
INFO: Run Behavior\ReadHtmlCacheBehavior [ RunTime:0.004000s ]
INFO: Run Behavior\CheckLangBehavior [ RunTime:0.007001s ]
INFO: [ app_begin ] --END-- [ RunTime:0.013001s ]
SQL: SHOW COLUMNS FROM `sp_users` [ RunTime:0.0110s ]
SQL: SELECT * FROM `sp_users` WHERE ( id=1 ) LIMIT 1   [ RunTime:0.0020s ]
SQL: SHOW COLUMNS FROM `sp_nav` [ RunTime:0.0130s ]
SQL: SHOW COLUMNS FROM `sp_nav_cat` [ RunTime:0.0130s ]
SQL: SELECT * FROM `sp_nav` WHERE ( id=9 ) LIMIT 1   [ RunTime:0.0010s ]
SQL: UPDATE `sp_nav` SET `cid`='1',`parentid`='9',`label`='新帝国',`href`='a:2:{s:6:\"action\";s:17:\"Portal/List/index\";s:5:\"param\";a:1:{s:2:\"id\";s:2:\"14\";}}',`target`='',`icon`='',`status`='1',`path`='0-9-33' WHERE `id` = 33 [ RunTime:0.0010s ]

[ 2016-04-26T21:00:35+08:00 ] ::1 /immigration/index.php/Admin/nav/edit_post.html
INFO: [ app_begin ] --START--
INFO: Run Behavior\ReadHtmlCacheBehavior [ RunTime:0.002000s ]
INFO: Run Behavior\CheckLangBehavior [ RunTime:0.009001s ]
INFO: [ app_begin ] --END-- [ RunTime:0.015001s ]
SQL: SHOW COLUMNS FROM `sp_users` [ RunTime:0.0150s ]
SQL: SELECT * FROM `sp_users` WHERE ( id=1 ) LIMIT 1   [ RunTime:0.0010s ]
SQL: SHOW COLUMNS FROM `sp_nav` [ RunTime:0.0120s ]
SQL: SHOW COLUMNS FROM `sp_nav_cat` [ RunTime:0.0110s ]
SQL: SELECT * FROM `sp_nav` WHERE ( id=9 ) LIMIT 1   [ RunTime:0.0020s ]
SQL: UPDATE `sp_nav` SET `cid`='1',`parentid`='9',`label`='汤姆森方',`href`='a:2:{s:6:\"action\";s:17:\"Portal/List/index\";s:5:\"param\";a:1:{s:2:\"id\";s:2:\"13\";}}',`target`='',`icon`='',`status`='1',`path`='0-9-32' WHERE `id` = 32 [ RunTime:0.0020s ]

[ 2016-04-26T21:01:01+08:00 ] ::1 /immigration/index.php/Admin/nav/edit_post.html
INFO: [ app_begin ] --START--
INFO: Run Behavior\ReadHtmlCacheBehavior [ RunTime:0.003000s ]
INFO: Run Behavior\CheckLangBehavior [ RunTime:0.010001s ]
INFO: [ app_begin ] --END-- [ RunTime:0.014001s ]
SQL: SHOW COLUMNS FROM `sp_users` [ RunTime:0.0110s ]
SQL: SELECT * FROM `sp_users` WHERE ( id=1 ) LIMIT 1   [ RunTime:0.0020s ]
SQL: SHOW COLUMNS FROM `sp_nav` [ RunTime:0.0110s ]
SQL: SHOW COLUMNS FROM `sp_nav_cat` [ RunTime:0.0120s ]
SQL: SELECT * FROM `sp_nav` WHERE ( id=9 ) LIMIT 1   [ RunTime:0.0010s ]
SQL: UPDATE `sp_nav` SET `cid`='1',`parentid`='9',`label`='汤姆森',`href`='a:2:{s:6:\"action\";s:17:\"Portal/List/index\";s:5:\"param\";a:1:{s:2:\"id\";s:2:\"13\";}}',`target`='',`icon`='',`status`='1',`path`='0-9-32' WHERE `id` = 32 [ RunTime:0.0010s ]

[ 2016-04-26T21:01:37+08:00 ] ::1 /immigration/index.php/Admin/nav/edit_post.html
INFO: [ app_begin ] --START--
INFO: Run Behavior\ReadHtmlCacheBehavior [ RunTime:0.003001s ]
INFO: Run Behavior\CheckLangBehavior [ RunTime:0.008000s ]
INFO: [ app_begin ] --END-- [ RunTime:0.013001s ]
SQL: SHOW COLUMNS FROM `sp_users` [ RunTime:0.0170s ]
SQL: SELECT * FROM `sp_users` WHERE ( id=1 ) LIMIT 1   [ RunTime:0.0000s ]
SQL: SHOW COLUMNS FROM `sp_nav` [ RunTime:0.0120s ]
SQL: SHOW COLUMNS FROM `sp_nav_cat` [ RunTime:0.0140s ]
SQL: SELECT * FROM `sp_nav` WHERE ( id=9 ) LIMIT 1   [ RunTime:0.0020s ]
SQL: UPDATE `sp_nav` SET `cid`='1',`parentid`='9',`label`='新帝国sss',`href`='a:2:{s:6:\"action\";s:17:\"Portal/List/index\";s:5:\"param\";a:1:{s:2:\"id\";s:2:\"14\";}}',`target`='',`icon`='',`status`='1',`path`='0-9-33' WHERE `id` = 33 [ RunTime:0.0020s ]

[ 2016-04-26T21:01:55+08:00 ] ::1 /immigration/index.php/Admin/nav/edit_post.html
INFO: [ app_begin ] --START--
INFO: Run Behavior\ReadHtmlCacheBehavior [ RunTime:0.002000s ]
INFO: Run Behavior\CheckLangBehavior [ RunTime:0.008001s ]
INFO: [ app_begin ] --END-- [ RunTime:0.013001s ]
SQL: SHOW COLUMNS FROM `sp_users` [ RunTime:0.0140s ]
SQL: SELECT * FROM `sp_users` WHERE ( id=1 ) LIMIT 1   [ RunTime:0.0010s ]
SQL: SHOW COLUMNS FROM `sp_nav` [ RunTime:0.0140s ]
SQL: SHOW COLUMNS FROM `sp_nav_cat` [ RunTime:0.0140s ]
SQL: SELECT * FROM `sp_nav` WHERE ( id=9 ) LIMIT 1   [ RunTime:0.0010s ]
SQL: UPDATE `sp_nav` SET `cid`='1',`parentid`='9',`label`='新帝国',`href`='a:2:{s:6:\"action\";s:17:\"Portal/List/index\";s:5:\"param\";a:1:{s:2:\"id\";s:2:\"14\";}}',`target`='',`icon`='',`status`='1',`path`='0-9-33' WHERE `id` = 33 [ RunTime:0.0010s ]

[ 2016-04-26T21:09:04+08:00 ] ::1 /immigration/index.php/Admin/nav/edit_post.html
INFO: [ app_begin ] --START--
INFO: Run Behavior\ReadHtmlCacheBehavior [ RunTime:0.002000s ]
INFO: Run Behavior\CheckLangBehavior [ RunTime:0.009001s ]
INFO: [ app_begin ] --END-- [ RunTime:0.013001s ]
SQL: SHOW COLUMNS FROM `sp_users` [ RunTime:0.0140s ]
SQL: SELECT * FROM `sp_users` WHERE ( id=1 ) LIMIT 1   [ RunTime:0.0010s ]
SQL: SHOW COLUMNS FROM `sp_nav` [ RunTime:0.0120s ]
SQL: SHOW COLUMNS FROM `sp_nav_cat` [ RunTime:0.0170s ]
SQL: SELECT * FROM `sp_nav` WHERE ( id=9 ) LIMIT 1   [ RunTime:0.0010s ]
SQL: UPDATE `sp_nav` SET `cid`='1',`parentid`='9',`label`='林氏集团是的发生是否是 是否',`href`='a:2:{s:6:\"action\";s:17:\"Portal/List/index\";s:5:\"param\";a:1:{s:2:\"id\";s:2:\"12\";}}',`target`='',`icon`='',`status`='1',`path`='0-9-31' WHERE `id` = 31 [ RunTime:0.0010s ]

[ 2016-04-26T21:09:51+08:00 ] ::1 /immigration/index.php/Admin/nav/edit_post.html
INFO: [ app_begin ] --START--
INFO: Run Behavior\ReadHtmlCacheBehavior [ RunTime:0.003000s ]
INFO: Run Behavior\CheckLangBehavior [ RunTime:0.008000s ]
INFO: [ app_begin ] --END-- [ RunTime:0.012000s ]
SQL: SHOW COLUMNS FROM `sp_users` [ RunTime:0.0210s ]
SQL: SELECT * FROM `sp_users` WHERE ( id=1 ) LIMIT 1   [ RunTime:0.0010s ]
SQL: SHOW COLUMNS FROM `sp_nav` [ RunTime:0.0120s ]
SQL: SHOW COLUMNS FROM `sp_nav_cat` [ RunTime:0.0130s ]
SQL: UPDATE `sp_nav` SET `cid`='1',`parentid`='0',`label`='美国移民发的是',`href`='a:2:{s:6:\"action\";s:17:\"Portal/List/index\";s:5:\"param\";a:1:{s:2:\"id\";s:1:\"3\";}}',`target`='',`icon`='',`status`='1',`path`='0-6' WHERE `id` = 6 [ RunTime:0.0010s ]

[ 2016-04-26T21:10:06+08:00 ] ::1 /immigration/index.php/Admin/nav/edit_post.html
INFO: [ app_begin ] --START--
INFO: Run Behavior\ReadHtmlCacheBehavior [ RunTime:0.005001s ]
INFO: Run Behavior\CheckLangBehavior [ RunTime:0.012000s ]
INFO: [ app_begin ] --END-- [ RunTime:0.020001s ]
SQL: SHOW COLUMNS FROM `sp_users` [ RunTime:0.0140s ]
SQL: SELECT * FROM `sp_users` WHERE ( id=1 ) LIMIT 1   [ RunTime:0.0010s ]
SQL: SHOW COLUMNS FROM `sp_nav` [ RunTime:0.0130s ]
SQL: SHOW COLUMNS FROM `sp_nav_cat` [ RunTime:0.0210s ]
SQL: UPDATE `sp_nav` SET `cid`='1',`parentid`='0',`label`='美国移民',`href`='a:2:{s:6:\"action\";s:17:\"Portal/List/index\";s:5:\"param\";a:1:{s:2:\"id\";s:1:\"3\";}}',`target`='',`icon`='',`status`='1',`path`='0-6' WHERE `id` = 6 [ RunTime:0.0010s ]

[ 2016-04-26T21:14:37+08:00 ] ::1 /immigration/index.php/Admin/nav/edit_post.html
INFO: [ app_begin ] --START--
INFO: Run Behavior\ReadHtmlCacheBehavior [ RunTime:0.003000s ]
INFO: Run Behavior\CheckLangBehavior [ RunTime:0.008001s ]
INFO: [ app_begin ] --END-- [ RunTime:0.013001s ]
SQL: SHOW COLUMNS FROM `sp_users` [ RunTime:0.0140s ]
SQL: SELECT * FROM `sp_users` WHERE ( id=1 ) LIMIT 1   [ RunTime:0.0010s ]
SQL: SHOW COLUMNS FROM `sp_nav` [ RunTime:0.0120s ]
SQL: SHOW COLUMNS FROM `sp_nav_cat` [ RunTime:0.0130s ]
SQL: SELECT * FROM `sp_nav` WHERE ( id=9 ) LIMIT 1   [ RunTime:0.0000s ]
SQL: UPDATE `sp_nav` SET `cid`='1',`parentid`='9',`label`='林氏集团',`href`='a:2:{s:6:\"action\";s:17:\"Portal/List/index\";s:5:\"param\";a:1:{s:2:\"id\";s:2:\"12\";}}',`target`='',`icon`='',`status`='1',`path`='0-9-31' WHERE `id` = 31 [ RunTime:0.0010s ]

